{"G:\\WS\\ws-front-end\\frontend\\src\\App.js": {"path":"G:\\WS\\ws-front-end\\frontend\\src\\App.js","statementMap":{"0":{"start":{"line":11,"column":2},"end":{"line":38,"column":4}},"1":{"start":{"line":19,"column":12},"end":{"line":33,"column":32}},"2":{"start":{"line":41,"column":15},"end":{"line":57,"column":1}},"3":{"start":{"line":42,"column":2},"end":{"line":56,"column":11}},"4":{"start":{"line":59,"column":15},"end":{"line":64,"column":1}},"5":{"start":{"line":60,"column":2},"end":{"line":63,"column":11}},"6":{"start":{"line":66,"column":20},"end":{"line":74,"column":1}},"7":{"start":{"line":67,"column":2},"end":{"line":73,"column":8}}},"fnMap":{"0":{"name":"App","decl":{"start":{"line":10,"column":9},"end":{"line":10,"column":12}},"loc":{"start":{"line":10,"column":15},"end":{"line":39,"column":1}},"line":10},"1":{"name":"(anonymous_1)","decl":{"start":{"line":18,"column":11},"end":{"line":18,"column":12}},"loc":{"start":{"line":19,"column":12},"end":{"line":33,"column":32}},"line":19},"2":{"name":"(anonymous_2)","decl":{"start":{"line":41,"column":15},"end":{"line":41,"column":16}},"loc":{"start":{"line":42,"column":2},"end":{"line":56,"column":11}},"line":42},"3":{"name":"(anonymous_3)","decl":{"start":{"line":59,"column":15},"end":{"line":59,"column":16}},"loc":{"start":{"line":60,"column":2},"end":{"line":63,"column":11}},"line":60},"4":{"name":"(anonymous_4)","decl":{"start":{"line":66,"column":20},"end":{"line":66,"column":21}},"loc":{"start":{"line":67,"column":2},"end":{"line":73,"column":8}},"line":67}},"branchMap":{"0":{"loc":{"start":{"line":52,"column":9},"end":{"line":52,"column":51}},"type":"binary-expr","locations":[{"start":{"line":52,"column":9},"end":{"line":52,"column":13}},{"start":{"line":52,"column":17},"end":{"line":52,"column":51}}],"line":52},"1":{"loc":{"start":{"line":53,"column":9},"end":{"line":53,"column":88}},"type":"binary-expr","locations":[{"start":{"line":53,"column":9},"end":{"line":53,"column":13}},{"start":{"line":53,"column":17},"end":{"line":53,"column":88}}],"line":53}},"s":{"0":1,"1":1,"2":1,"3":1,"4":1,"5":1,"6":1,"7":0},"f":{"0":1,"1":1,"2":1,"3":1,"4":0},"b":{"0":[1,1],"1":[1,1]},"_coverageSchema":"1a1c01bbd47fc00a2c39e90264f33305004495a9","hash":"6cf392b507c52922cf4689bcbab10ccb675bc440"}
,"G:\\WS\\ws-front-end\\frontend\\src\\components\\Blotter.js": {"path":"G:\\WS\\ws-front-end\\frontend\\src\\components\\Blotter.js","statementMap":{"0":{"start":{"line":5,"column":16},"end":{"line":43,"column":1}},"1":{"start":{"line":6,"column":38},"end":{"line":6,"column":50}},"2":{"start":{"line":8,"column":2},"end":{"line":11,"column":9}},"3":{"start":{"line":9,"column":29},"end":{"line":9,"column":81}},"4":{"start":{"line":10,"column":4},"end":{"line":10,"column":36}},"5":{"start":{"line":13,"column":2},"end":{"line":42,"column":4}},"6":{"start":{"line":29,"column":12},"end":{"line":37,"column":17}}},"fnMap":{"0":{"name":"(anonymous_0)","decl":{"start":{"line":5,"column":16},"end":{"line":5,"column":17}},"loc":{"start":{"line":5,"column":22},"end":{"line":43,"column":1}},"line":5},"1":{"name":"(anonymous_1)","decl":{"start":{"line":8,"column":12},"end":{"line":8,"column":13}},"loc":{"start":{"line":8,"column":18},"end":{"line":11,"column":3}},"line":8},"2":{"name":"(anonymous_2)","decl":{"start":{"line":28,"column":26},"end":{"line":28,"column":27}},"loc":{"start":{"line":29,"column":12},"end":{"line":37,"column":17}},"line":29}},"branchMap":{"0":{"loc":{"start":{"line":9,"column":29},"end":{"line":9,"column":81}},"type":"binary-expr","locations":[{"start":{"line":9,"column":29},"end":{"line":9,"column":75}},{"start":{"line":9,"column":79},"end":{"line":9,"column":81}}],"line":9}},"s":{"0":1,"1":0,"2":0,"3":0,"4":0,"5":0,"6":0},"f":{"0":0,"1":0,"2":0},"b":{"0":[0,0]},"_coverageSchema":"1a1c01bbd47fc00a2c39e90264f33305004495a9","hash":"1af5477a76d6a6d3cc06dfc0576ec0546c0c23c6"}
,"G:\\WS\\ws-front-end\\frontend\\src\\components\\CurrencyConverter.js": {"path":"G:\\WS\\ws-front-end\\frontend\\src\\components\\CurrencyConverter.js","statementMap":{"0":{"start":{"line":13,"column":26},"end":{"line":90,"column":1}},"1":{"start":{"line":38,"column":8},"end":{"line":38,"column":31}},"2":{"start":{"line":40,"column":20},"end":{"line":40,"column":50}},"3":{"start":{"line":41,"column":20},"end":{"line":41,"column":30}},"4":{"start":{"line":42,"column":4},"end":{"line":42,"column":51}},"5":{"start":{"line":44,"column":4},"end":{"line":89,"column":6}}},"fnMap":{"0":{"name":"(anonymous_0)","decl":{"start":{"line":13,"column":26},"end":{"line":13,"column":27}},"loc":{"start":{"line":13,"column":32},"end":{"line":90,"column":1}},"line":13}},"branchMap":{"0":{"loc":{"start":{"line":65,"column":50},"end":{"line":65,"column":84}},"type":"cond-expr","locations":[{"start":{"line":65,"column":64},"end":{"line":65,"column":70}},{"start":{"line":65,"column":73},"end":{"line":65,"column":84}}],"line":65},"1":{"loc":{"start":{"line":70,"column":17},"end":{"line":75,"column":17}},"type":"binary-expr","locations":[{"start":{"line":70,"column":17},"end":{"line":70,"column":31}},{"start":{"line":71,"column":20},"end":{"line":74,"column":26}}],"line":70},"2":{"loc":{"start":{"line":76,"column":17},"end":{"line":86,"column":17}},"type":"binary-expr","locations":[{"start":{"line":76,"column":17},"end":{"line":76,"column":28}},{"start":{"line":77,"column":20},"end":{"line":85,"column":26}}],"line":76}},"s":{"0":1,"1":1,"2":1,"3":1,"4":1,"5":1},"f":{"0":1},"b":{"0":[0,1],"1":[1,0],"2":[1,0]},"_coverageSchema":"1a1c01bbd47fc00a2c39e90264f33305004495a9","hash":"25cb4fa047d56790eeea27cb516c51ca66d7d3c1"}
,"G:\\WS\\ws-front-end\\frontend\\src\\components\\DeliveryDateField.js": {"path":"G:\\WS\\ws-front-end\\frontend\\src\\components\\DeliveryDateField.js","statementMap":{"0":{"start":{"line":7,"column":26},"end":{"line":18,"column":1}},"1":{"start":{"line":8,"column":2},"end":{"line":17,"column":14}},"2":{"start":{"line":11,"column":26},"end":{"line":11,"column":47}}},"fnMap":{"0":{"name":"(anonymous_0)","decl":{"start":{"line":7,"column":26},"end":{"line":7,"column":27}},"loc":{"start":{"line":8,"column":2},"end":{"line":17,"column":14}},"line":8},"1":{"name":"(anonymous_1)","decl":{"start":{"line":11,"column":16},"end":{"line":11,"column":17}},"loc":{"start":{"line":11,"column":26},"end":{"line":11,"column":47}},"line":11}},"branchMap":{},"s":{"0":1,"1":1,"2":0},"f":{"0":1,"1":0},"b":{},"_coverageSchema":"1a1c01bbd47fc00a2c39e90264f33305004495a9","hash":"cf127610e59a132555fa4dcc06c37de8b2f36b26"}
,"G:\\WS\\ws-front-end\\frontend\\src\\components\\ExecutionReportModal.js": {"path":"G:\\WS\\ws-front-end\\frontend\\src\\components\\ExecutionReportModal.js","statementMap":{"0":{"start":{"line":4,"column":29},"end":{"line":18,"column":1}},"1":{"start":{"line":5,"column":2},"end":{"line":17,"column":10}}},"fnMap":{"0":{"name":"(anonymous_0)","decl":{"start":{"line":4,"column":29},"end":{"line":4,"column":30}},"loc":{"start":{"line":5,"column":2},"end":{"line":17,"column":10}},"line":5}},"branchMap":{},"s":{"0":1,"1":1},"f":{"0":1},"b":{},"_coverageSchema":"1a1c01bbd47fc00a2c39e90264f33305004495a9","hash":"44b376fbbaf2d96f612e229b5bbf9bc17225cea2"}
,"G:\\WS\\ws-front-end\\frontend\\src\\components\\FormField.js": {"path":"G:\\WS\\ws-front-end\\frontend\\src\\components\\FormField.js","statementMap":{"0":{"start":{"line":5,"column":18},"end":{"line":12,"column":1}},"1":{"start":{"line":6,"column":2},"end":{"line":11,"column":8}}},"fnMap":{"0":{"name":"(anonymous_0)","decl":{"start":{"line":5,"column":18},"end":{"line":5,"column":19}},"loc":{"start":{"line":6,"column":2},"end":{"line":11,"column":8}},"line":6}},"branchMap":{},"s":{"0":1,"1":5},"f":{"0":5},"b":{},"_coverageSchema":"1a1c01bbd47fc00a2c39e90264f33305004495a9","hash":"a448a734cfa8a5e9b32ec545c94a55fd4674b9c3"}
,"G:\\WS\\ws-front-end\\frontend\\src\\components\\FromCurrencyField.js": {"path":"G:\\WS\\ws-front-end\\frontend\\src\\components\\FromCurrencyField.js","statementMap":{"0":{"start":{"line":5,"column":26},"end":{"line":17,"column":1}},"1":{"start":{"line":6,"column":2},"end":{"line":16,"column":14}},"2":{"start":{"line":7,"column":75},"end":{"line":7,"column":106}},"3":{"start":{"line":9,"column":30},"end":{"line":9,"column":53}},"4":{"start":{"line":11,"column":10},"end":{"line":13,"column":19}}},"fnMap":{"0":{"name":"(anonymous_0)","decl":{"start":{"line":5,"column":26},"end":{"line":5,"column":27}},"loc":{"start":{"line":6,"column":2},"end":{"line":16,"column":14}},"line":6},"1":{"name":"(anonymous_1)","decl":{"start":{"line":7,"column":68},"end":{"line":7,"column":69}},"loc":{"start":{"line":7,"column":75},"end":{"line":7,"column":106}},"line":7},"2":{"name":"(anonymous_2)","decl":{"start":{"line":9,"column":16},"end":{"line":9,"column":17}},"loc":{"start":{"line":9,"column":30},"end":{"line":9,"column":53}},"line":9},"3":{"name":"(anonymous_3)","decl":{"start":{"line":10,"column":13},"end":{"line":10,"column":14}},"loc":{"start":{"line":11,"column":10},"end":{"line":13,"column":19}},"line":11}},"branchMap":{},"s":{"0":1,"1":1,"2":0,"3":4,"4":3},"f":{"0":1,"1":0,"2":4,"3":3},"b":{},"_coverageSchema":"1a1c01bbd47fc00a2c39e90264f33305004495a9","hash":"6b251e4264db539642d4ec733035aa95b3e70b68"}
,"G:\\WS\\ws-front-end\\frontend\\src\\components\\KYCStatusField.js": {"path":"G:\\WS\\ws-front-end\\frontend\\src\\components\\KYCStatusField.js","statementMap":{"0":{"start":{"line":5,"column":23},"end":{"line":14,"column":1}},"1":{"start":{"line":6,"column":2},"end":{"line":13,"column":14}},"2":{"start":{"line":7,"column":72},"end":{"line":7,"column":100}}},"fnMap":{"0":{"name":"(anonymous_0)","decl":{"start":{"line":5,"column":23},"end":{"line":5,"column":24}},"loc":{"start":{"line":6,"column":2},"end":{"line":13,"column":14}},"line":6},"1":{"name":"(anonymous_1)","decl":{"start":{"line":7,"column":65},"end":{"line":7,"column":66}},"loc":{"start":{"line":7,"column":72},"end":{"line":7,"column":100}},"line":7}},"branchMap":{},"s":{"0":1,"1":1,"2":0},"f":{"0":1,"1":0},"b":{},"_coverageSchema":"1a1c01bbd47fc00a2c39e90264f33305004495a9","hash":"fbd12ed0cac0474343a3ee5a5b33be3266a2cdc4"}
,"G:\\WS\\ws-front-end\\frontend\\src\\components\\KYCStatusModal.js": {"path":"G:\\WS\\ws-front-end\\frontend\\src\\components\\KYCStatusModal.js","statementMap":{"0":{"start":{"line":5,"column":23},"end":{"line":19,"column":1}},"1":{"start":{"line":6,"column":2},"end":{"line":18,"column":10}}},"fnMap":{"0":{"name":"(anonymous_0)","decl":{"start":{"line":5,"column":23},"end":{"line":5,"column":24}},"loc":{"start":{"line":6,"column":2},"end":{"line":18,"column":10}},"line":6}},"branchMap":{},"s":{"0":1,"1":1},"f":{"0":1},"b":{},"_coverageSchema":"1a1c01bbd47fc00a2c39e90264f33305004495a9","hash":"715337efe2483e9922ecbd95f7f14b69b29d0762"}
,"G:\\WS\\ws-front-end\\frontend\\src\\components\\SaleCurrencyField.js": {"path":"G:\\WS\\ws-front-end\\frontend\\src\\components\\SaleCurrencyField.js","statementMap":{"0":{"start":{"line":5,"column":26},"end":{"line":14,"column":1}},"1":{"start":{"line":6,"column":2},"end":{"line":13,"column":14}},"2":{"start":{"line":7,"column":73},"end":{"line":7,"column":102}}},"fnMap":{"0":{"name":"(anonymous_0)","decl":{"start":{"line":5,"column":26},"end":{"line":5,"column":27}},"loc":{"start":{"line":6,"column":2},"end":{"line":13,"column":14}},"line":6},"1":{"name":"(anonymous_1)","decl":{"start":{"line":7,"column":66},"end":{"line":7,"column":67}},"loc":{"start":{"line":7,"column":73},"end":{"line":7,"column":102}},"line":7}},"branchMap":{},"s":{"0":1,"1":1,"2":0},"f":{"0":1,"1":0},"b":{},"_coverageSchema":"1a1c01bbd47fc00a2c39e90264f33305004495a9","hash":"85d583bea7b4a0c5c7783699ff9cc1bb53fd9126"}
,"G:\\WS\\ws-front-end\\frontend\\src\\components\\SalePriceField.js": {"path":"G:\\WS\\ws-front-end\\frontend\\src\\components\\SalePriceField.js","statementMap":{"0":{"start":{"line":5,"column":23},"end":{"line":15,"column":1}},"1":{"start":{"line":6,"column":2},"end":{"line":14,"column":14}},"2":{"start":{"line":12,"column":23},"end":{"line":12,"column":61}}},"fnMap":{"0":{"name":"(anonymous_0)","decl":{"start":{"line":5,"column":23},"end":{"line":5,"column":24}},"loc":{"start":{"line":6,"column":2},"end":{"line":14,"column":14}},"line":6},"1":{"name":"(anonymous_1)","decl":{"start":{"line":12,"column":16},"end":{"line":12,"column":17}},"loc":{"start":{"line":12,"column":23},"end":{"line":12,"column":61}},"line":12}},"branchMap":{},"s":{"0":1,"1":1,"2":0},"f":{"0":1,"1":0},"b":{},"_coverageSchema":"1a1c01bbd47fc00a2c39e90264f33305004495a9","hash":"e5581537b46650554c832bb942e082e7e0149dfe"}
,"G:\\WS\\ws-front-end\\frontend\\src\\handlers\\handleConvert.js": {"path":"G:\\WS\\ws-front-end\\frontend\\src\\handlers\\handleConvert.js","statementMap":{"0":{"start":{"line":2,"column":13},"end":{"line":2,"column":36}},"1":{"start":{"line":3,"column":27},"end":{"line":3,"column":64}},"2":{"start":{"line":6,"column":22},"end":{"line":43,"column":1}},"3":{"start":{"line":17,"column":25},"end":{"line":17,"column":58}},"4":{"start":{"line":18,"column":2},"end":{"line":18,"column":29}},"5":{"start":{"line":18,"column":22},"end":{"line":18,"column":29}},"6":{"start":{"line":21,"column":22},"end":{"line":34,"column":3}},"7":{"start":{"line":37,"column":25},"end":{"line":37,"column":56}},"8":{"start":{"line":40,"column":2},"end":{"line":40,"column":30}},"9":{"start":{"line":42,"column":2},"end":{"line":42,"column":23}}},"fnMap":{"0":{"name":"(anonymous_0)","decl":{"start":{"line":6,"column":22},"end":{"line":6,"column":23}},"loc":{"start":{"line":16,"column":6},"end":{"line":43,"column":1}},"line":16}},"branchMap":{"0":{"loc":{"start":{"line":18,"column":2},"end":{"line":18,"column":29}},"type":"if","locations":[{"start":{"line":18,"column":2},"end":{"line":18,"column":29}},{"start":{},"end":{}}],"line":18}},"s":{"0":1,"1":1,"2":1,"3":0,"4":0,"5":0,"6":0,"7":0,"8":0,"9":0},"f":{"0":0},"b":{"0":[0,0]},"_coverageSchema":"1a1c01bbd47fc00a2c39e90264f33305004495a9","hash":"3e5ff0f171ee8f43f5d8519043485e1c76bd8e3e"}
,"G:\\WS\\ws-front-end\\frontend\\src\\handlers\\handleExecute.js": {"path":"G:\\WS\\ws-front-end\\frontend\\src\\handlers\\handleExecute.js","statementMap":{"0":{"start":{"line":3,"column":22},"end":{"line":53,"column":1}},"1":{"start":{"line":15,"column":20},"end":{"line":23,"column":3}},"2":{"start":{"line":25,"column":21},"end":{"line":25,"column":73}},"3":{"start":{"line":26,"column":2},"end":{"line":26,"column":29}},"4":{"start":{"line":27,"column":2},"end":{"line":27,"column":65}},"5":{"start":{"line":29,"column":22},"end":{"line":39,"column":3}},"6":{"start":{"line":41,"column":2},"end":{"line":41,"column":48}},"7":{"start":{"line":43,"column":2},"end":{"line":50,"column":5}},"8":{"start":{"line":52,"column":2},"end":{"line":52,"column":16}}},"fnMap":{"0":{"name":"(anonymous_0)","decl":{"start":{"line":3,"column":22},"end":{"line":3,"column":23}},"loc":{"start":{"line":14,"column":6},"end":{"line":53,"column":1}},"line":14}},"branchMap":{"0":{"loc":{"start":{"line":25,"column":21},"end":{"line":25,"column":73}},"type":"binary-expr","locations":[{"start":{"line":25,"column":21},"end":{"line":25,"column":67}},{"start":{"line":25,"column":71},"end":{"line":25,"column":73}}],"line":25}},"s":{"0":1,"1":0,"2":0,"3":0,"4":0,"5":0,"6":0,"7":0,"8":0},"f":{"0":0},"b":{"0":[0,0]},"_coverageSchema":"1a1c01bbd47fc00a2c39e90264f33305004495a9","hash":"3552faa0b614a1fe617cc9b24c437f603967d49c"}
,"G:\\WS\\ws-front-end\\frontend\\src\\handlers\\handleReset.js": {"path":"G:\\WS\\ws-front-end\\frontend\\src\\handlers\\handleReset.js","statementMap":{"0":{"start":{"line":3,"column":20},"end":{"line":17,"column":1}},"1":{"start":{"line":11,"column":2},"end":{"line":11,"column":25}},"2":{"start":{"line":12,"column":2},"end":{"line":12,"column":23}},"3":{"start":{"line":13,"column":2},"end":{"line":13,"column":16}},"4":{"start":{"line":14,"column":2},"end":{"line":14,"column":50}},"5":{"start":{"line":15,"column":2},"end":{"line":15,"column":24}},"6":{"start":{"line":16,"column":2},"end":{"line":16,"column":30}}},"fnMap":{"0":{"name":"(anonymous_0)","decl":{"start":{"line":3,"column":20},"end":{"line":3,"column":21}},"loc":{"start":{"line":10,"column":6},"end":{"line":17,"column":1}},"line":10}},"branchMap":{},"s":{"0":1,"1":0,"2":0,"3":0,"4":0,"5":0,"6":0},"f":{"0":0},"b":{},"_coverageSchema":"1a1c01bbd47fc00a2c39e90264f33305004495a9","hash":"daeeea5a39d1d2891f4c67be1b93ad7bff2a64b5"}
,"G:\\WS\\ws-front-end\\frontend\\src\\hooks\\useConversion.js": {"path":"G:\\WS\\ws-front-end\\frontend\\src\\hooks\\useConversion.js","statementMap":{"0":{"start":{"line":4,"column":22},"end":{"line":34,"column":1}},"1":{"start":{"line":5,"column":46},"end":{"line":5,"column":60}},"2":{"start":{"line":6,"column":48},"end":{"line":6,"column":62}},"3":{"start":{"line":8,"column":18},"end":{"line":27,"column":3}},"4":{"start":{"line":9,"column":17},"end":{"line":9,"column":75}},"5":{"start":{"line":10,"column":4},"end":{"line":10,"column":28}},"6":{"start":{"line":13,"column":17},"end":{"line":13,"column":47}},"7":{"start":{"line":14,"column":24},"end":{"line":14,"column":54}},"8":{"start":{"line":16,"column":4},"end":{"line":23,"column":5}},"9":{"start":{"line":17,"column":6},"end":{"line":17,"column":32}},"10":{"start":{"line":18,"column":11},"end":{"line":23,"column":5}},"11":{"start":{"line":19,"column":6},"end":{"line":19,"column":32}},"12":{"start":{"line":21,"column":6},"end":{"line":21,"column":43}},"13":{"start":{"line":22,"column":6},"end":{"line":22,"column":13}},"14":{"start":{"line":25,"column":4},"end":{"line":25,"column":34}},"15":{"start":{"line":26,"column":4},"end":{"line":26,"column":31}},"16":{"start":{"line":29,"column":2},"end":{"line":33,"column":4}}},"fnMap":{"0":{"name":"(anonymous_0)","decl":{"start":{"line":4,"column":22},"end":{"line":4,"column":23}},"loc":{"start":{"line":4,"column":60},"end":{"line":34,"column":1}},"line":4},"1":{"name":"(anonymous_1)","decl":{"start":{"line":8,"column":18},"end":{"line":8,"column":19}},"loc":{"start":{"line":8,"column":24},"end":{"line":27,"column":3}},"line":8}},"branchMap":{"0":{"loc":{"start":{"line":16,"column":4},"end":{"line":23,"column":5}},"type":"if","locations":[{"start":{"line":16,"column":4},"end":{"line":23,"column":5}},{"start":{"line":18,"column":11},"end":{"line":23,"column":5}}],"line":16},"1":{"loc":{"start":{"line":18,"column":11},"end":{"line":23,"column":5}},"type":"if","locations":[{"start":{"line":18,"column":11},"end":{"line":23,"column":5}},{"start":{"line":20,"column":11},"end":{"line":23,"column":5}}],"line":18}},"s":{"0":1,"1":1,"2":1,"3":1,"4":0,"5":0,"6":0,"7":0,"8":0,"9":0,"10":0,"11":0,"12":0,"13":0,"14":0,"15":0,"16":1},"f":{"0":1,"1":0},"b":{"0":[0,0],"1":[0,0]},"_coverageSchema":"1a1c01bbd47fc00a2c39e90264f33305004495a9","hash":"79e0eedfc79c7d5e077e10ad9e20952edd7cab9b"}
,"G:\\WS\\ws-front-end\\frontend\\src\\hooks\\useCurrencyConversion.js": {"path":"G:\\WS\\ws-front-end\\frontend\\src\\hooks\\useCurrencyConversion.js","statementMap":{"0":{"start":{"line":13,"column":30},"end":{"line":106,"column":1}},"1":{"start":{"line":14,"column":42},"end":{"line":14,"column":57}},"2":{"start":{"line":15,"column":38},"end":{"line":15,"column":53}},"3":{"start":{"line":16,"column":30},"end":{"line":16,"column":42}},"4":{"start":{"line":17,"column":42},"end":{"line":17,"column":82}},"5":{"start":{"line":18,"column":40},"end":{"line":18,"column":55}},"6":{"start":{"line":20,"column":38},"end":{"line":20,"column":52}},"7":{"start":{"line":21,"column":94},"end":{"line":21,"column":141}},"8":{"start":{"line":22,"column":22},"end":{"line":22,"column":73}},"9":{"start":{"line":24,"column":48},"end":{"line":24,"column":60}},"10":{"start":{"line":25,"column":42},"end":{"line":25,"column":57}},"11":{"start":{"line":27,"column":60},"end":{"line":27,"column":72}},"12":{"start":{"line":28,"column":54},"end":{"line":28,"column":69}},"13":{"start":{"line":30,"column":50},"end":{"line":34,"column":3}},"14":{"start":{"line":36,"column":84},"end":{"line":41,"column":3}},"15":{"start":{"line":43,"column":26},"end":{"line":43,"column":40}},"16":{"start":{"line":45,"column":32},"end":{"line":55,"column":4}},"17":{"start":{"line":45,"column":38},"end":{"line":55,"column":4}},"18":{"start":{"line":57,"column":32},"end":{"line":68,"column":4}},"19":{"start":{"line":57,"column":38},"end":{"line":68,"column":4}},"20":{"start":{"line":70,"column":30},"end":{"line":77,"column":4}},"21":{"start":{"line":70,"column":36},"end":{"line":77,"column":4}},"22":{"start":{"line":79,"column":2},"end":{"line":105,"column":4}}},"fnMap":{"0":{"name":"(anonymous_0)","decl":{"start":{"line":13,"column":30},"end":{"line":13,"column":31}},"loc":{"start":{"line":13,"column":36},"end":{"line":106,"column":1}},"line":13},"1":{"name":"(anonymous_1)","decl":{"start":{"line":45,"column":32},"end":{"line":45,"column":33}},"loc":{"start":{"line":45,"column":38},"end":{"line":55,"column":4}},"line":45},"2":{"name":"(anonymous_2)","decl":{"start":{"line":57,"column":32},"end":{"line":57,"column":33}},"loc":{"start":{"line":57,"column":38},"end":{"line":68,"column":4}},"line":57},"3":{"name":"(anonymous_3)","decl":{"start":{"line":70,"column":30},"end":{"line":70,"column":31}},"loc":{"start":{"line":70,"column":36},"end":{"line":77,"column":4}},"line":70}},"branchMap":{},"s":{"0":1,"1":1,"2":1,"3":1,"4":1,"5":1,"6":1,"7":1,"8":1,"9":1,"10":1,"11":1,"12":1,"13":1,"14":1,"15":1,"16":1,"17":0,"18":1,"19":0,"20":1,"21":0,"22":1},"f":{"0":1,"1":0,"2":0,"3":0},"b":{},"_coverageSchema":"1a1c01bbd47fc00a2c39e90264f33305004495a9","hash":"0421e0d96b3fbefa06a7a287816552b55ca7d255"}
,"G:\\WS\\ws-front-end\\frontend\\src\\hooks\\useFormValidation.js": {"path":"G:\\WS\\ws-front-end\\frontend\\src\\hooks\\useFormValidation.js","statementMap":{"0":{"start":{"line":3,"column":26},"end":{"line":11,"column":1}},"1":{"start":{"line":4,"column":40},"end":{"line":4,"column":55}},"2":{"start":{"line":6,"column":2},"end":{"line":8,"column":41}},"3":{"start":{"line":7,"column":4},"end":{"line":7,"column":92}},"4":{"start":{"line":10,"column":2},"end":{"line":10,"column":21}}},"fnMap":{"0":{"name":"(anonymous_0)","decl":{"start":{"line":3,"column":26},"end":{"line":3,"column":27}},"loc":{"start":{"line":3,"column":64},"end":{"line":11,"column":1}},"line":3},"1":{"name":"(anonymous_1)","decl":{"start":{"line":6,"column":12},"end":{"line":6,"column":13}},"loc":{"start":{"line":6,"column":18},"end":{"line":8,"column":3}},"line":6}},"branchMap":{"0":{"loc":{"start":{"line":7,"column":19},"end":{"line":7,"column":90}},"type":"binary-expr","locations":[{"start":{"line":7,"column":19},"end":{"line":7,"column":31}},{"start":{"line":7,"column":35},"end":{"line":7,"column":45}},{"start":{"line":7,"column":49},"end":{"line":7,"column":76}},{"start":{"line":7,"column":80},"end":{"line":7,"column":90}}],"line":7}},"s":{"0":1,"1":1,"2":1,"3":1,"4":1},"f":{"0":1,"1":1},"b":{"0":[1,1,1,1]},"_coverageSchema":"1a1c01bbd47fc00a2c39e90264f33305004495a9","hash":"fb5b69ab90bd297c714438cc0af857b11dfa9e33"}
,"G:\\WS\\ws-front-end\\frontend\\src\\hooks\\useKycHandling.js": {"path":"G:\\WS\\ws-front-end\\frontend\\src\\hooks\\useKycHandling.js","statementMap":{"0":{"start":{"line":1,"column":23},"end":{"line":37,"column":1}},"1":{"start":{"line":3,"column":25},"end":{"line":27,"column":3}},"2":{"start":{"line":4,"column":4},"end":{"line":8,"column":5}},"3":{"start":{"line":5,"column":6},"end":{"line":5,"column":71}},"4":{"start":{"line":6,"column":6},"end":{"line":6,"column":34}},"5":{"start":{"line":7,"column":6},"end":{"line":7,"column":18}},"6":{"start":{"line":10,"column":4},"end":{"line":19,"column":5}},"7":{"start":{"line":11,"column":6},"end":{"line":11,"column":55}},"8":{"start":{"line":12,"column":6},"end":{"line":12,"column":34}},"9":{"start":{"line":14,"column":6},"end":{"line":17,"column":15}},"10":{"start":{"line":15,"column":8},"end":{"line":15,"column":51}},"11":{"start":{"line":16,"column":8},"end":{"line":16,"column":36}},"12":{"start":{"line":18,"column":6},"end":{"line":18,"column":18}},"13":{"start":{"line":21,"column":4},"end":{"line":24,"column":5}},"14":{"start":{"line":22,"column":6},"end":{"line":22,"column":48}},"15":{"start":{"line":23,"column":6},"end":{"line":23,"column":18}},"16":{"start":{"line":26,"column":4},"end":{"line":26,"column":17}},"17":{"start":{"line":29,"column":30},"end":{"line":31,"column":3}},"18":{"start":{"line":30,"column":4},"end":{"line":30,"column":33}},"19":{"start":{"line":33,"column":2},"end":{"line":36,"column":4}}},"fnMap":{"0":{"name":"(anonymous_0)","decl":{"start":{"line":1,"column":23},"end":{"line":1,"column":24}},"loc":{"start":{"line":1,"column":87},"end":{"line":37,"column":1}},"line":1},"1":{"name":"(anonymous_1)","decl":{"start":{"line":3,"column":25},"end":{"line":3,"column":26}},"loc":{"start":{"line":3,"column":48},"end":{"line":27,"column":3}},"line":3},"2":{"name":"(anonymous_2)","decl":{"start":{"line":14,"column":17},"end":{"line":14,"column":18}},"loc":{"start":{"line":14,"column":23},"end":{"line":17,"column":7}},"line":14},"3":{"name":"(anonymous_3)","decl":{"start":{"line":29,"column":30},"end":{"line":29,"column":31}},"loc":{"start":{"line":29,"column":36},"end":{"line":31,"column":3}},"line":29}},"branchMap":{"0":{"loc":{"start":{"line":4,"column":4},"end":{"line":8,"column":5}},"type":"if","locations":[{"start":{"line":4,"column":4},"end":{"line":8,"column":5}},{"start":{},"end":{}}],"line":4},"1":{"loc":{"start":{"line":4,"column":8},"end":{"line":4,"column":62}},"type":"binary-expr","locations":[{"start":{"line":4,"column":8},"end":{"line":4,"column":35}},{"start":{"line":4,"column":39},"end":{"line":4,"column":62}}],"line":4},"2":{"loc":{"start":{"line":10,"column":4},"end":{"line":19,"column":5}},"type":"if","locations":[{"start":{"line":10,"column":4},"end":{"line":19,"column":5}},{"start":{},"end":{}}],"line":10},"3":{"loc":{"start":{"line":21,"column":4},"end":{"line":24,"column":5}},"type":"if","locations":[{"start":{"line":21,"column":4},"end":{"line":24,"column":5}},{"start":{},"end":{}}],"line":21}},"s":{"0":1,"1":1,"2":0,"3":0,"4":0,"5":0,"6":0,"7":0,"8":0,"9":0,"10":0,"11":0,"12":0,"13":0,"14":0,"15":0,"16":0,"17":1,"18":0,"19":1},"f":{"0":1,"1":0,"2":0,"3":0},"b":{"0":[0,0],"1":[0,0],"2":[0,0],"3":[0,0]},"_coverageSchema":"1a1c01bbd47fc00a2c39e90264f33305004495a9","hash":"376eed246ce4a35010cde82b226ba90cbd030b27"}
,"G:\\WS\\ws-front-end\\frontend\\src\\hooks\\useKycStatus.js": {"path":"G:\\WS\\ws-front-end\\frontend\\src\\hooks\\useKycStatus.js","statementMap":{"0":{"start":{"line":3,"column":21},"end":{"line":16,"column":1}},"1":{"start":{"line":4,"column":36},"end":{"line":4,"column":59}},"2":{"start":{"line":5,"column":27},"end":{"line":5,"column":48}},"3":{"start":{"line":7,"column":2},"end":{"line":9,"column":18}},"4":{"start":{"line":8,"column":4},"end":{"line":8,"column":41}},"5":{"start":{"line":11,"column":2},"end":{"line":15,"column":4}}},"fnMap":{"0":{"name":"(anonymous_0)","decl":{"start":{"line":3,"column":21},"end":{"line":3,"column":22}},"loc":{"start":{"line":3,"column":56},"end":{"line":16,"column":1}},"line":3},"1":{"name":"(anonymous_1)","decl":{"start":{"line":7,"column":12},"end":{"line":7,"column":13}},"loc":{"start":{"line":7,"column":18},"end":{"line":9,"column":3}},"line":7}},"branchMap":{"0":{"loc":{"start":{"line":3,"column":22},"end":{"line":3,"column":51}},"type":"default-arg","locations":[{"start":{"line":3,"column":38},"end":{"line":3,"column":51}}],"line":3}},"s":{"0":1,"1":1,"2":1,"3":1,"4":1,"5":1},"f":{"0":1,"1":1},"b":{"0":[1]},"_coverageSchema":"1a1c01bbd47fc00a2c39e90264f33305004495a9","hash":"2282bd50159ad5a7ef9a1cb2a4939d4dcdfb4e9e"}
,"G:\\WS\\ws-front-end\\frontend\\src\\hooks\\useMessageHandling.js": {"path":"G:\\WS\\ws-front-end\\frontend\\src\\hooks\\useMessageHandling.js","statementMap":{"0":{"start":{"line":1,"column":27},"end":{"line":29,"column":1}},"1":{"start":{"line":3,"column":29},"end":{"line":6,"column":3}},"2":{"start":{"line":4,"column":4},"end":{"line":4,"column":42}},"3":{"start":{"line":5,"column":4},"end":{"line":5,"column":43}},"4":{"start":{"line":8,"column":33},"end":{"line":17,"column":3}},"5":{"start":{"line":9,"column":4},"end":{"line":15,"column":69}},"6":{"start":{"line":16,"column":4},"end":{"line":16,"column":38}},"7":{"start":{"line":19,"column":36},"end":{"line":22,"column":3}},"8":{"start":{"line":20,"column":4},"end":{"line":20,"column":39}},"9":{"start":{"line":21,"column":4},"end":{"line":21,"column":39}},"10":{"start":{"line":24,"column":2},"end":{"line":28,"column":4}}},"fnMap":{"0":{"name":"(anonymous_0)","decl":{"start":{"line":1,"column":27},"end":{"line":1,"column":28}},"loc":{"start":{"line":1,"column":143},"end":{"line":29,"column":1}},"line":1},"1":{"name":"(anonymous_1)","decl":{"start":{"line":3,"column":29},"end":{"line":3,"column":30}},"loc":{"start":{"line":3,"column":40},"end":{"line":6,"column":3}},"line":3},"2":{"name":"(anonymous_2)","decl":{"start":{"line":8,"column":33},"end":{"line":8,"column":34}},"loc":{"start":{"line":8,"column":45},"end":{"line":17,"column":3}},"line":8},"3":{"name":"(anonymous_3)","decl":{"start":{"line":19,"column":36},"end":{"line":19,"column":37}},"loc":{"start":{"line":19,"column":42},"end":{"line":22,"column":3}},"line":19}},"branchMap":{},"s":{"0":1,"1":1,"2":0,"3":0,"4":1,"5":0,"6":0,"7":1,"8":0,"9":0,"10":1},"f":{"0":1,"1":0,"2":0,"3":0},"b":{},"_coverageSchema":"1a1c01bbd47fc00a2c39e90264f33305004495a9","hash":"daa8a93d5ea5b18bf48cd6e79a0f19325027fb23"}
,"G:\\WS\\ws-front-end\\frontend\\src\\utils\\utils.js": {"path":"G:\\WS\\ws-front-end\\frontend\\src\\utils\\utils.js","statementMap":{"0":{"start":{"line":2,"column":30},"end":{"line":9,"column":3}},"1":{"start":{"line":11,"column":36},"end":{"line":25,"column":3}},"2":{"start":{"line":12,"column":4},"end":{"line":12,"column":80}},"3":{"start":{"line":12,"column":56},"end":{"line":12,"column":80}},"4":{"start":{"line":13,"column":4},"end":{"line":13,"column":82}},"5":{"start":{"line":13,"column":56},"end":{"line":13,"column":82}},"6":{"start":{"line":14,"column":4},"end":{"line":14,"column":80}},"7":{"start":{"line":14,"column":56},"end":{"line":14,"column":80}},"8":{"start":{"line":15,"column":4},"end":{"line":15,"column":82}},"9":{"start":{"line":15,"column":56},"end":{"line":15,"column":82}},"10":{"start":{"line":16,"column":4},"end":{"line":16,"column":80}},"11":{"start":{"line":16,"column":56},"end":{"line":16,"column":80}},"12":{"start":{"line":17,"column":4},"end":{"line":17,"column":82}},"13":{"start":{"line":17,"column":56},"end":{"line":17,"column":82}},"14":{"start":{"line":18,"column":4},"end":{"line":18,"column":82}},"15":{"start":{"line":18,"column":56},"end":{"line":18,"column":82}},"16":{"start":{"line":19,"column":4},"end":{"line":19,"column":80}},"17":{"start":{"line":19,"column":56},"end":{"line":19,"column":80}},"18":{"start":{"line":20,"column":4},"end":{"line":20,"column":82}},"19":{"start":{"line":20,"column":56},"end":{"line":20,"column":82}},"20":{"start":{"line":21,"column":4},"end":{"line":21,"column":80}},"21":{"start":{"line":21,"column":56},"end":{"line":21,"column":80}},"22":{"start":{"line":22,"column":4},"end":{"line":22,"column":82}},"23":{"start":{"line":22,"column":56},"end":{"line":22,"column":82}},"24":{"start":{"line":23,"column":4},"end":{"line":23,"column":80}},"25":{"start":{"line":23,"column":56},"end":{"line":23,"column":80}},"26":{"start":{"line":24,"column":4},"end":{"line":24,"column":13}},"27":{"start":{"line":27,"column":27},"end":{"line":30,"column":3}},"28":{"start":{"line":28,"column":16},"end":{"line":28,"column":29}},"29":{"start":{"line":29,"column":4},"end":{"line":29,"column":34}},"30":{"start":{"line":32,"column":33},"end":{"line":42,"column":3}},"31":{"start":{"line":33,"column":16},"end":{"line":33,"column":17}},"32":{"start":{"line":34,"column":17},"end":{"line":34,"column":31}},"33":{"start":{"line":35,"column":4},"end":{"line":40,"column":5}},"34":{"start":{"line":36,"column":6},"end":{"line":36,"column":43}},"35":{"start":{"line":37,"column":6},"end":{"line":39,"column":7}},"36":{"start":{"line":38,"column":8},"end":{"line":38,"column":16}},"37":{"start":{"line":41,"column":4},"end":{"line":41,"column":18}},"38":{"start":{"line":44,"column":31},"end":{"line":58,"column":3}},"39":{"start":{"line":60,"column":35},"end":{"line":63,"column":3}},"40":{"start":{"line":61,"column":17},"end":{"line":61,"column":47}},"41":{"start":{"line":62,"column":4},"end":{"line":62,"column":28}},"42":{"start":{"line":65,"column":30},"end":{"line":71,"column":3}},"43":{"start":{"line":66,"column":4},"end":{"line":70,"column":7}},"44":{"start":{"line":67,"column":16},"end":{"line":67,"column":40}},"45":{"start":{"line":68,"column":12},"end":{"line":68,"column":43}},"46":{"start":{"line":69,"column":6},"end":{"line":69,"column":28}}},"fnMap":{"0":{"name":"(anonymous_0)","decl":{"start":{"line":11,"column":36},"end":{"line":11,"column":37}},"loc":{"start":{"line":11,"column":73},"end":{"line":25,"column":3}},"line":11},"1":{"name":"(anonymous_1)","decl":{"start":{"line":27,"column":27},"end":{"line":27,"column":28}},"loc":{"start":{"line":27,"column":35},"end":{"line":30,"column":3}},"line":27},"2":{"name":"(anonymous_2)","decl":{"start":{"line":32,"column":33},"end":{"line":32,"column":34}},"loc":{"start":{"line":32,"column":49},"end":{"line":42,"column":3}},"line":32},"3":{"name":"(anonymous_3)","decl":{"start":{"line":60,"column":35},"end":{"line":60,"column":36}},"loc":{"start":{"line":60,"column":72},"end":{"line":63,"column":3}},"line":60},"4":{"name":"(anonymous_4)","decl":{"start":{"line":65,"column":30},"end":{"line":65,"column":31}},"loc":{"start":{"line":65,"column":36},"end":{"line":71,"column":3}},"line":65},"5":{"name":"(anonymous_5)","decl":{"start":{"line":66,"column":67},"end":{"line":66,"column":68}},"loc":{"start":{"line":66,"column":80},"end":{"line":70,"column":5}},"line":66}},"branchMap":{"0":{"loc":{"start":{"line":12,"column":4},"end":{"line":12,"column":80}},"type":"if","locations":[{"start":{"line":12,"column":4},"end":{"line":12,"column":80}},{"start":{},"end":{}}],"line":12},"1":{"loc":{"start":{"line":12,"column":8},"end":{"line":12,"column":54}},"type":"binary-expr","locations":[{"start":{"line":12,"column":8},"end":{"line":12,"column":30}},{"start":{"line":12,"column":34},"end":{"line":12,"column":54}}],"line":12},"2":{"loc":{"start":{"line":13,"column":4},"end":{"line":13,"column":82}},"type":"if","locations":[{"start":{"line":13,"column":4},"end":{"line":13,"column":82}},{"start":{},"end":{}}],"line":13},"3":{"loc":{"start":{"line":13,"column":8},"end":{"line":13,"column":54}},"type":"binary-expr","locations":[{"start":{"line":13,"column":8},"end":{"line":13,"column":30}},{"start":{"line":13,"column":34},"end":{"line":13,"column":54}}],"line":13},"4":{"loc":{"start":{"line":14,"column":4},"end":{"line":14,"column":80}},"type":"if","locations":[{"start":{"line":14,"column":4},"end":{"line":14,"column":80}},{"start":{},"end":{}}],"line":14},"5":{"loc":{"start":{"line":14,"column":8},"end":{"line":14,"column":54}},"type":"binary-expr","locations":[{"start":{"line":14,"column":8},"end":{"line":14,"column":30}},{"start":{"line":14,"column":34},"end":{"line":14,"column":54}}],"line":14},"6":{"loc":{"start":{"line":15,"column":4},"end":{"line":15,"column":82}},"type":"if","locations":[{"start":{"line":15,"column":4},"end":{"line":15,"column":82}},{"start":{},"end":{}}],"line":15},"7":{"loc":{"start":{"line":15,"column":8},"end":{"line":15,"column":54}},"type":"binary-expr","locations":[{"start":{"line":15,"column":8},"end":{"line":15,"column":30}},{"start":{"line":15,"column":34},"end":{"line":15,"column":54}}],"line":15},"8":{"loc":{"start":{"line":16,"column":4},"end":{"line":16,"column":80}},"type":"if","locations":[{"start":{"line":16,"column":4},"end":{"line":16,"column":80}},{"start":{},"end":{}}],"line":16},"9":{"loc":{"start":{"line":16,"column":8},"end":{"line":16,"column":54}},"type":"binary-expr","locations":[{"start":{"line":16,"column":8},"end":{"line":16,"column":30}},{"start":{"line":16,"column":34},"end":{"line":16,"column":54}}],"line":16},"10":{"loc":{"start":{"line":17,"column":4},"end":{"line":17,"column":82}},"type":"if","locations":[{"start":{"line":17,"column":4},"end":{"line":17,"column":82}},{"start":{},"end":{}}],"line":17},"11":{"loc":{"start":{"line":17,"column":8},"end":{"line":17,"column":54}},"type":"binary-expr","locations":[{"start":{"line":17,"column":8},"end":{"line":17,"column":30}},{"start":{"line":17,"column":34},"end":{"line":17,"column":54}}],"line":17},"12":{"loc":{"start":{"line":18,"column":4},"end":{"line":18,"column":82}},"type":"if","locations":[{"start":{"line":18,"column":4},"end":{"line":18,"column":82}},{"start":{},"end":{}}],"line":18},"13":{"loc":{"start":{"line":18,"column":8},"end":{"line":18,"column":54}},"type":"binary-expr","locations":[{"start":{"line":18,"column":8},"end":{"line":18,"column":30}},{"start":{"line":18,"column":34},"end":{"line":18,"column":54}}],"line":18},"14":{"loc":{"start":{"line":19,"column":4},"end":{"line":19,"column":80}},"type":"if","locations":[{"start":{"line":19,"column":4},"end":{"line":19,"column":80}},{"start":{},"end":{}}],"line":19},"15":{"loc":{"start":{"line":19,"column":8},"end":{"line":19,"column":54}},"type":"binary-expr","locations":[{"start":{"line":19,"column":8},"end":{"line":19,"column":30}},{"start":{"line":19,"column":34},"end":{"line":19,"column":54}}],"line":19},"16":{"loc":{"start":{"line":20,"column":4},"end":{"line":20,"column":82}},"type":"if","locations":[{"start":{"line":20,"column":4},"end":{"line":20,"column":82}},{"start":{},"end":{}}],"line":20},"17":{"loc":{"start":{"line":20,"column":8},"end":{"line":20,"column":54}},"type":"binary-expr","locations":[{"start":{"line":20,"column":8},"end":{"line":20,"column":30}},{"start":{"line":20,"column":34},"end":{"line":20,"column":54}}],"line":20},"18":{"loc":{"start":{"line":21,"column":4},"end":{"line":21,"column":80}},"type":"if","locations":[{"start":{"line":21,"column":4},"end":{"line":21,"column":80}},{"start":{},"end":{}}],"line":21},"19":{"loc":{"start":{"line":21,"column":8},"end":{"line":21,"column":54}},"type":"binary-expr","locations":[{"start":{"line":21,"column":8},"end":{"line":21,"column":30}},{"start":{"line":21,"column":34},"end":{"line":21,"column":54}}],"line":21},"20":{"loc":{"start":{"line":22,"column":4},"end":{"line":22,"column":82}},"type":"if","locations":[{"start":{"line":22,"column":4},"end":{"line":22,"column":82}},{"start":{},"end":{}}],"line":22},"21":{"loc":{"start":{"line":22,"column":8},"end":{"line":22,"column":54}},"type":"binary-expr","locations":[{"start":{"line":22,"column":8},"end":{"line":22,"column":30}},{"start":{"line":22,"column":34},"end":{"line":22,"column":54}}],"line":22},"22":{"loc":{"start":{"line":23,"column":4},"end":{"line":23,"column":80}},"type":"if","locations":[{"start":{"line":23,"column":4},"end":{"line":23,"column":80}},{"start":{},"end":{}}],"line":23},"23":{"loc":{"start":{"line":23,"column":8},"end":{"line":23,"column":54}},"type":"binary-expr","locations":[{"start":{"line":23,"column":8},"end":{"line":23,"column":30}},{"start":{"line":23,"column":34},"end":{"line":23,"column":54}}],"line":23},"24":{"loc":{"start":{"line":29,"column":11},"end":{"line":29,"column":33}},"type":"binary-expr","locations":[{"start":{"line":29,"column":11},"end":{"line":29,"column":20}},{"start":{"line":29,"column":24},"end":{"line":29,"column":33}}],"line":29},"25":{"loc":{"start":{"line":37,"column":6},"end":{"line":39,"column":7}},"type":"if","locations":[{"start":{"line":37,"column":6},"end":{"line":39,"column":7}},{"start":{},"end":{}}],"line":37},"26":{"loc":{"start":{"line":62,"column":11},"end":{"line":62,"column":27}},"type":"binary-expr","locations":[{"start":{"line":62,"column":11},"end":{"line":62,"column":22}},{"start":{"line":62,"column":26},"end":{"line":62,"column":27}}],"line":62},"27":{"loc":{"start":{"line":68,"column":12},"end":{"line":68,"column":43}},"type":"cond-expr","locations":[{"start":{"line":68,"column":24},"end":{"line":68,"column":25}},{"start":{"line":68,"column":28},"end":{"line":68,"column":43}}],"line":68}},"s":{"0":1,"1":1,"2":0,"3":0,"4":0,"5":0,"6":0,"7":0,"8":0,"9":0,"10":0,"11":0,"12":0,"13":0,"14":0,"15":0,"16":0,"17":0,"18":0,"19":0,"20":0,"21":0,"22":0,"23":0,"24":0,"25":0,"26":0,"27":1,"28":4,"29":4,"30":1,"31":2,"32":2,"33":2,"34":4,"35":4,"36":4,"37":2,"38":1,"39":1,"40":0,"41":0,"42":1,"43":0,"44":0,"45":0,"46":0},"f":{"0":0,"1":4,"2":2,"3":0,"4":0,"5":0},"b":{"0":[0,0],"1":[0,0],"2":[0,0],"3":[0,0],"4":[0,0],"5":[0,0],"6":[0,0],"7":[0,0],"8":[0,0],"9":[0,0],"10":[0,0],"11":[0,0],"12":[0,0],"13":[0,0],"14":[0,0],"15":[0,0],"16":[0,0],"17":[0,0],"18":[0,0],"19":[0,0],"20":[0,0],"21":[0,0],"22":[0,0],"23":[0,0],"24":[4,4],"25":[4,0],"26":[0,0],"27":[0,0]},"_coverageSchema":"1a1c01bbd47fc00a2c39e90264f33305004495a9","hash":"fff68ce4b0c8db34244f307489e3d67127e7ae85"}
}
